<?xml version="1.0" encoding="UTF-8"?>
<!-- Generated by org.testng.reporters.JUnitReportReporter -->
<testsuite hostname="Firororororo" failures="0" tests="1" name="com.periplus.tests.ShoppingCartTest" time="66.702" errors="0" timestamp="2025-04-20T12:38:24 WIB" skipped="0">
  <testcase classname="com.periplus.tests.ShoppingCartTest" name="testLoginAndAddProductToCart" time="66.702"/>
</testsuite> <!-- com.periplus.tests.ShoppingCartTest -->
