<?xml version="1.0" encoding="UTF-8"?>
<!-- Generated by org.testng.reporters.JUnitReportReporter -->
<testsuite hostname="Firororororo" failures="0" tests="1" name="com.periplus.tests.Coba" time="0.021" errors="0" timestamp="2025-04-20T00:33:27 WIB" skipped="0">
  <testcase classname="com.periplus.tests.Coba" name="launch" time="0.021"/>
</testsuite> <!-- com.periplus.tests.Coba -->
